<?xml version='1.0' encoding='UTF-8'?>
<testsuite hostname="aydinmisirzade-pc.wifi.nat" name="ImageImporterTest" tests="2" errors="0" failures="0" skipped="0" time="0.008" timestamp="2020-12-21T22:30:42">
                     <properties>
      <property name="java.specification.version" value="14"/><property name="sun.jnu.encoding" value="UTF-8"/><property name="sun.arch.data.model" value="64"/><property name="sun.font.fontmanager" value="sun.font.CFontManager"/><property name="sbt.supershell" value="false"/><property name="java.vendor.url" value="https://java.oracle.com/"/><property name="sun.boot.library.path" value="/Users/aydinmisirzada/Library/Java/JavaVirtualMachines/openjdk-14.0.1/Contents/Home/lib"/><property name="sun.java.command" value="/Users/aydinmisirzada/Library/Application Support/JetBrains/IntelliJIdea2020.2/plugins/Scala/launcher/sbt-launch.jar early(addPluginSbtFile=&quot;&quot;&quot;/private/var/folders/99/tpgfjzks6fqfd75h5vhf44tm0000gn/T/idea1.sbt&quot;&quot;&quot;) ; set ideaPort in Global := 49337 ; idea-shell"/><property name="jdk.debug" value="release"/><property name="java.specification.vendor" value="Oracle Corporation"/><property name="java.version.date" value="2020-04-14"/><property name="java.home" value="/Users/aydinmisirzada/Library/Java/JavaVirtualMachines/openjdk-14.0.1/Contents/Home"/><property name="file.separator" value="/"/><property name="java.vm.compressedOopsMode" value="Zero based"/><property name="line.separator" value="
"/><property name="java.vm.specification.vendor" value="Oracle Corporation"/><property name="java.specification.name" value="Java Platform API Specification"/><property name="sun.management.compiler" value="HotSpot 64-Bit Tiered Compilers"/><property name="java.runtime.version" value="14.0.1+7"/><property name="user.name" value="aydinmisirzada"/><property name="log4j.ignoreTCL" value="true"/><property name="file.encoding" value="UTF-8"/><property name="java.io.tmpdir" value="/var/folders/99/tpgfjzks6fqfd75h5vhf44tm0000gn/T/"/><property name="java.version" value="14.0.1"/><property name="java.vm.specification.name" value="Java Virtual Machine Specification"/><property name="java.library.path" value="/Users/aydinmisirzada/Library/Java/Extensions:/Library/Java/Extensions:/Network/Library/Java/Extensions:/System/Library/Java/Extensions:/usr/lib/java:."/><property name="java.vendor" value="Oracle Corporation"/><property name="sun.io.unicode.encoding" value="UnicodeBig"/><property name="socksNonProxyHosts" value="local|*.local|169.254/16|*.169.254/16"/><property name="java.class.path" value="/Users/aydinmisirzada/Library/Application Support/JetBrains/IntelliJIdea2020.2/plugins/Scala/launcher/sbt-launch.jar"/><property name="java.vm.vendor" value="Oracle Corporation"/><property name="jline.shutdownhook" value="false"/><property name="user.timezone" value="Europe/Prague"/><property name="java.vm.specification.version" value="14"/><property name="os.name" value="Mac OS X"/><property name="sun.java.launcher" value="SUN_STANDARD"/><property name="user.country" value="AZ"/><property name="http.nonProxyHosts" value="local|*.local|169.254/16|*.169.254/16"/><property name="sun.cpu.endian" value="little"/><property name="user.home" value="/Users/aydinmisirzada"/><property name="user.language" value="en"/><property name="swoval.tmpdir" value="/Users/aydinmisirzada/.sbt/1.0"/><property name="jline.esc.timeout" value="0"/><property name="ftp.nonProxyHosts" value="local|*.local|169.254/16|*.169.254/16"/><property name="path.separator" value=":"/><property name="os.version" value="10.16"/><property name="jna.nosys" value="true"/><property name="java.runtime.name" value="OpenJDK Runtime Environment"/><property name="java.vm.name" value="OpenJDK 64-Bit Server VM"/><property name="java.vendor.url.bug" value="https://bugreport.java.com/bugreport/"/><property name="user.dir" value="/Users/aydinmisirzada/IdeaProjects/asciiart"/><property name="os.arch" value="x86_64"/><property name="idea.managed" value="true"/><property name="java.vm.info" value="mixed mode, sharing"/><property name="java.vm.version" value="14.0.1+7"/><property name="java.class.version" value="58.0"/>
    </properties>
                     <testcase classname="ImageImporterTest" name="Wrong image format test" time="0.006">
                                                 
                                               </testcase><testcase classname="ImageImporterTest" name="Existing image test" time="0.002">
                                                 
                                               </testcase>
                     <system-out><![CDATA[]]></system-out>
                     <system-err><![CDATA[]]></system-err>
                   </testsuite>